{"name": "Test Complete Purchase Flow", "status": "broken", "statusDetails": {"message": "selenium.common.exceptions.TimeoutException: Message: \nStacktrace:\n0   chromedriver                        0x0000000106635108 chromedriver + 6119688\n1   chromedriver                        0x000000010662c80a chromedriver + 6084618\n2   chromedriver                        0x00000001060c81a6 chromedriver + 430502\n3   chromedriver                        0x000000010611a8a1 chromedriver + 768161\n4   chromedriver                        0x000000010611ab61 chromedriver + 768865\n5   chromedriver                        0x000000010616b034 chromedriver + 1097780\n6   chromedriver                        0x0000000106140e2d chromedriver + 925229\n7   chromedriver                        0x0000000106168378 chromedriver + 1086328\n8   chromedriver                        0x0000000106140bd3 chromedriver + 924627\n9   chromedriver                        0x000000010610cc0b chromedriver + 711691\n10  chromedriver                        0x000000010610d8d1 chromedriver + 714961\n11  chromedriver                        0x00000001065f25d0 chromedriver + 5846480\n12  chromedriver                        0x00000001065f6865 chromedriver + 5863525\n13  chromedriver                        0x00000001065cdda7 chromedriver + 5696935\n14  chromedriver                        0x00000001065f72ff chromedriver + 5866239\n15  chromedriver                        0x00000001065bd204 chromedriver + 5628420\n16  chromedriver                        0x0000000106619828 chromedriver + 6006824\n17  chromedriver                        0x00000001066199ed chromedriver + 6007277\n18  chromedriver                        0x000000010662c3e1 chromedriver + 6083553\n19  libsystem_pthread.dylib             0x00007ff803cce18b _pthread_start + 99\n20  libsystem_pthread.dylib             0x00007ff803cc9ae3 thread_start + 15", "trace": "@allure.feature(\"E-commerce Tests\")\n    @allure.severity(allure.severity_level.CRITICAL)\n    @allure.title(\"Test Complete Purchase Flow\")\n    @allure.description(\"Test e-commerce purchase flow: login, add products\")\n    def test_shop_purchase():\n        with allure.step(\"Configure Chrome options\"):\n            chrome_options = Options()\n            chrome_options.add_argument(\"--disable-save-password-bubble\")\n            chrome_options.add_argument(\"--disable-password-manager-reauth\")\n            chrome_options.add_experimental_option(\"prefs\", {\n                \"credentials_enable_service\": False,\n                \"profile.password_manager_enabled\": False\n            })\n    \n        driver = webdriver.Chrome(options=chrome_options)\n    \n        try:\n            with allure.step(\"Initialize page objects\"):\n                login_page = LoginPage(driver)\n                main_page = MainPage(driver)\n                cart_page = CartPage(driver)\n                checkout_page = CheckoutPage(driver)\n    \n            with allure.step(\"Open login page and authenticate\"):\n                login_page.open(\"https://www.saucedemo.com/\")\n                login_page.login(\"standard_user\", \"secret_sauce\")\n                login_page.handle_alert_if_present()\n    \n            with allure.step(\"Wait for main page to load\"):\n                main_page.wait_for_page_load()\n    \n            with allure.step(\"Add products to cart\"):\n                main_page.add_to_cart(\"sauce-labs-backpack\")\n                main_page.add_to_cart(\"sauce-labs-bolt-t-shirt\")\n                main_page.add_to_cart(\"sauce-labs-onesie\")\n    \n            with allure.step(\"Navigate to cart\"):\n                main_page.go_to_cart()\n                cart_page.handle_alert_if_present()\n    \n            with allure.step(\"Proceed to checkout\"):\n>               cart_page.click_checkout()\n\ntest_shop.py:48: \n_ _ _ _ _ _ _ _ _ _ _ _ _ _ _ _ _ _ _ _ _ _ _ _ _ _ _ _ _ _ _ _ _ _ _ _ _ _ _ _ _ _ \nshop_pages.py:154: in click_checkout\n    checkout_button = self.wait.until(\n_ _ _ _ _ _ _ _ _ _ _ _ _ _ _ _ _ _ _ _ _ _ _ _ _ _ _ _ _ _ _ _ _ _ _ _ _ _ _ _ _ _ \n\nself = <selenium.webdriver.support.wait.WebDriverWait (session=\"46d1e9da3de819308b68064a0fbb21f6\")>\nmethod = <function element_to_be_clickable.<locals>._predicate at 0x10e3d49d0>\nmessage = ''\n\n    def until(self, method: Callable[[D], Union[Literal[False], T]], message: str = \"\") -> T:\n        \"\"\"Wait until the method returns a value that is not False.\n    \n        Calls the method provided with the driver as an argument until the\n        return value does not evaluate to ``False``.\n    \n        Parameters:\n        -----------\n        method: callable(WebDriver)\n            - A callable object that takes a WebDriver instance as an argument.\n    \n        message: str\n            - Optional message for :exc:`TimeoutException`\n    \n        Return:\n        -------\n        object: T\n            - The result of the last call to `method`\n    \n        Raises:\n        -------\n        TimeoutException\n            - If 'method' does not return a truthy value within the WebDriverWait\n            object's timeout\n    \n        Example:\n        --------\n        >>> from selenium.webdriver.common.by import By\n        >>> from selenium.webdriver.support.ui import WebDriverWait\n        >>> from selenium.webdriver.support import expected_conditions as EC\n    \n        # Wait until an element is visible on the page\n        >>> wait = WebDriverWait(driver, 10)\n        >>> element = wait.until(EC.visibility_of_element_located((By.ID, \"exampleId\")))\n        >>> print(element.text)\n        \"\"\"\n        screen = None\n        stacktrace = None\n    \n        end_time = time.monotonic() + self._timeout\n        while True:\n            try:\n                value = method(self._driver)\n                if value:\n                    return value\n            except self._ignored_exceptions as exc:\n                screen = getattr(exc, \"screen\", None)\n                stacktrace = getattr(exc, \"stacktrace\", None)\n            if time.monotonic() > end_time:\n                break\n            time.sleep(self._poll)\n>       raise TimeoutException(message, screen, stacktrace)\nE       selenium.common.exceptions.TimeoutException: Message: \nE       Stacktrace:\nE       0   chromedriver                        0x0000000106635108 chromedriver + 6119688\nE       1   chromedriver                        0x000000010662c80a chromedriver + 6084618\nE       2   chromedriver                        0x00000001060c81a6 chromedriver + 430502\nE       3   chromedriver                        0x000000010611a8a1 chromedriver + 768161\nE       4   chromedriver                        0x000000010611ab61 chromedriver + 768865\nE       5   chromedriver                        0x000000010616b034 chromedriver + 1097780\nE       6   chromedriver                        0x0000000106140e2d chromedriver + 925229\nE       7   chromedriver                        0x0000000106168378 chromedriver + 1086328\nE       8   chromedriver                        0x0000000106140bd3 chromedriver + 924627\nE       9   chromedriver                        0x000000010610cc0b chromedriver + 711691\nE       10  chromedriver                        0x000000010610d8d1 chromedriver + 714961\nE       11  chromedriver                        0x00000001065f25d0 chromedriver + 5846480\nE       12  chromedriver                        0x00000001065f6865 chromedriver + 5863525\nE       13  chromedriver                        0x00000001065cdda7 chromedriver + 5696935\nE       14  chromedriver                        0x00000001065f72ff chromedriver + 5866239\nE       15  chromedriver                        0x00000001065bd204 chromedriver + 5628420\nE       16  chromedriver                        0x0000000106619828 chromedriver + 6006824\nE       17  chromedriver                        0x00000001066199ed chromedriver + 6007277\nE       18  chromedriver                        0x000000010662c3e1 chromedriver + 6083553\nE       19  libsystem_pthread.dylib             0x00007ff803cce18b _pthread_start + 99\nE       20  libsystem_pthread.dylib             0x00007ff803cc9ae3 thread_start + 15\n\n../../../Library/Python/3.9/lib/python/site-packages/selenium/webdriver/support/wait.py:138: TimeoutException"}, "description": "Test e-commerce purchase flow: login, add products", "steps": [{"name": "Configure Chrome options", "status": "passed", "start": 1761298103055, "stop": 1761298103056}, {"name": "Initialize page objects", "status": "passed", "start": 1761298112668, "stop": 1761298112672}, {"name": "Open login page and authenticate", "status": "passed", "start": 1761298112672, "stop": 1761298132525}, {"name": "Wait for main page to load", "status": "passed", "start": 1761298132526, "stop": 1761298132643}, {"name": "Add products to cart", "status": "passed", "start": 1761298132643, "stop": 1761298133721}, {"name": "Navigate to cart", "status": "passed", "start": 1761298133722, "stop": 1761298133978}, {"name": "Proceed to checkout", "status": "broken", "statusDetails": {"message": "selenium.common.exceptions.TimeoutException: Message: \nStacktrace:\n0   chromedriver                        0x0000000106635108 chromedriver + 6119688\n1   chromedriver                        0x000000010662c80a chromedriver + 6084618\n2   chromedriver                        0x00000001060c81a6 chromedriver + 430502\n3   chromedriver                        0x000000010611a8a1 chromedriver + 768161\n4   chromedriver                        0x000000010611ab61 chromedriver + 768865\n5   chromedriver                        0x000000010616b034 chromedriver + 1097780\n6   chromedriver                        0x0000000106140e2d chromedriver + 925229\n7   chromedriver                        0x0000000106168378 chromedriver + 1086328\n8   chromedriver                        0x0000000106140bd3 chromedriver + 924627\n9   chromedriver                        0x000000010610cc0b chromedriver + 711691\n10  chromedriver                        0x000000010610d8d1 chromedriver + 714961\n11  chromedriver                        0x00000001065f25d0 chromedriver + 5846480\n12  chromedriver                        0x00000001065f6865 chromedriver + 5863525\n13  chromedriver                        0x00000001065cdda7 chromedriver + 5696935\n14  chromedriver                        0x00000001065f72ff chromedriver + 5866239\n15  chromedriver                        0x00000001065bd204 chromedriver + 5628420\n16  chromedriver                        0x0000000106619828 chromedriver + 6006824\n17  chromedriver                        0x00000001066199ed chromedriver + 6007277\n18  chromedriver                        0x000000010662c3e1 chromedriver + 6083553\n19  libsystem_pthread.dylib             0x00007ff803cce18b _pthread_start + 99\n20  libsystem_pthread.dylib             0x00007ff803cc9ae3 thread_start + 15\n\n", "trace": "  File \"/Users/diana/Desktop/01_lessonPT/lesson_10/test_shop.py\", line 48, in test_shop_purchase\n    cart_page.click_checkout()\n  File \"/Users/diana/Desktop/01_lessonPT/lesson_10/shop_pages.py\", line 154, in click_checkout\n    checkout_button = self.wait.until(\n  File \"/Users/diana/Library/Python/3.9/lib/python/site-packages/selenium/webdriver/support/wait.py\", line 138, in until\n    raise TimeoutException(message, screen, stacktrace)\n"}, "start": 1761298133981, "stop": 1761298144367}, {"name": "Close browser", "status": "passed", "start": 1761298144434, "stop": 1761298147368}], "start": 1761298103054, "stop": 1761298147370, "uuid": "0c1f5e1d-74a6-4bff-a8d5-6b4fe466f19b", "historyId": "6b484ee1a4f221ac7307fad67412c90e", "testCaseId": "6b484ee1a4f221ac7307fad67412c90e", "fullName": "test_shop#test_shop_purchase", "labels": [{"name": "feature", "value": "E-commerce Tests"}, {"name": "severity", "value": "critical"}, {"name": "suite", "value": "test_shop"}, {"name": "host", "value": "MacBook-Air-DIana.local"}, {"name": "thread", "value": "71920-MainThread"}, {"name": "framework", "value": "pytest"}, {"name": "language", "value": "cpython3"}, {"name": "package", "value": "test_shop"}], "titlePath": ["test_shop.py"]}